<?xml version="1.0" encoding="UTF-8"?>
<!-- Generated by org.testng.reporters.JUnitXMLReporter -->
<testsuite ignored="0" hostname="Hari" failures="2" tests="22" name="Test" time="2.218" errors="0" timestamp="2025-09-26T22:28:37 IST">
  <testcase classname="OrangeHRM_Module.Features_PIM" name="@BeforeTest beforetest" time="1.498">
    <failure type="org.openqa.selenium.SessionNotCreatedException" message="Could not start a new session. Response code 500. Message: session not created: This version of Microsoft Edge WebDriver only supports Microsoft Edge version 138
Current browser version is 140.0.3485.81 with binary path C:\Program Files (x86)\Microsoft\Edge\Application\msedge.exe 
Host info: host: &amp;apos;HARI&amp;apos;, ip: &amp;apos;192.168.0.111&amp;apos;
Build info: version: &amp;apos;4.25.0&amp;apos;, revision: &amp;apos;8a8aea2337&amp;apos;
System info: os.name: &amp;apos;Windows 11&amp;apos;, os.arch: &amp;apos;amd64&amp;apos;, os.version: &amp;apos;10.0&amp;apos;, java.version: &amp;apos;17.0.12&amp;apos;
Driver info: org.openqa.selenium.edge.EdgeDriver
Command: [null, newSession {capabilities=[Capabilities {browserName: MicrosoftEdge, ms:edgeOptions: {args: [], binary: C:\Program Files (x86)\Micr..., extensions: []}}]}]">
      <![CDATA[org.openqa.selenium.SessionNotCreatedException: Could not start a new session. Response code 500. Message: session not created: This version of Microsoft Edge WebDriver only supports Microsoft Edge version 138
Current browser version is 140.0.3485.81 with binary path C:\Program Files (x86)\Microsoft\Edge\Application\msedge.exe 
Host info: host: 'HARI', ip: '192.168.0.111'
Build info: version: '4.25.0', revision: '8a8aea2337'
System info: os.name: 'Windows 11', os.arch: 'amd64', os.version: '10.0', java.version: '17.0.12'
Driver info: org.openqa.selenium.edge.EdgeDriver
Command: [null, newSession {capabilities=[Capabilities {browserName: MicrosoftEdge, ms:edgeOptions: {args: [], binary: C:\Program Files (x86)\Micr..., extensions: []}}]}]
at org.openqa.selenium.remote.ProtocolHandshake.createSession(ProtocolHandshake.java:114)
at org.openqa.selenium.remote.ProtocolHandshake.createSession(ProtocolHandshake.java:75)
at org.openqa.selenium.remote.ProtocolHandshake.createSession(ProtocolHandshake.java:61)
at org.openqa.selenium.remote.HttpCommandExecutor.execute(HttpCommandExecutor.java:162)
at org.openqa.selenium.remote.service.DriverCommandExecutor.invokeExecute(DriverCommandExecutor.java:216)
at org.openqa.selenium.remote.service.DriverCommandExecutor.execute(DriverCommandExecutor.java:174)
at org.openqa.selenium.remote.RemoteWebDriver.execute(RemoteWebDriver.java:545)
at org.openqa.selenium.remote.RemoteWebDriver.startSession(RemoteWebDriver.java:245)
at org.openqa.selenium.remote.RemoteWebDriver.<init>(RemoteWebDriver.java:174)
at org.openqa.selenium.chromium.ChromiumDriver.<init>(ChromiumDriver.java:114)
at org.openqa.selenium.edge.EdgeDriver.<init>(EdgeDriver.java:60)
at org.openqa.selenium.edge.EdgeDriver.<init>(EdgeDriver.java:56)
at org.openqa.selenium.edge.EdgeDriver.<init>(EdgeDriver.java:48)
at org.openqa.selenium.edge.EdgeDriver.<init>(EdgeDriver.java:44)
at OrangeHRM_Module.Features_PIM.beforetest(Features_PIM.java:36)
... Removed 24 stack frames]]>
    </failure>
  </testcase> <!-- @BeforeTest beforetest -->
  <testcase classname="OrangeHRM_Module.Leave_module" name="@BeforeTest before_test" time="0.0">
    <skipped/>
  </testcase> <!-- @BeforeTest before_test -->
  <testcase classname="OrangeHRM_Module.Time" name="@BeforeTest before_test" time="0.0">
    <skipped/>
  </testcase> <!-- @BeforeTest before_test -->
  <testcase classname="OrangeHRM_Testcases.LoginWithdata" name="@BeforeTest beforeTest" time="0.0">
    <skipped/>
  </testcase> <!-- @BeforeTest beforeTest -->
  <testcase classname="OrangeHRM_Testcases.OrangeHRM_modules" name="@BeforeTest before_test" time="0.0">
    <skipped/>
  </testcase> <!-- @BeforeTest before_test -->
  <testcase classname="OrangeHRM_Testcases.Orange_HRM_login_DATA" name="@BeforeTest beforeTest" time="0.0">
    <skipped/>
  </testcase> <!-- @BeforeTest beforeTest -->
  <testcase classname="OrangeHRM_Testcases.Login" name="@BeforeClass beforeTest" time="0.0">
    <skipped/>
  </testcase> <!-- @BeforeClass beforeTest -->
  <testcase classname="OrangeHRM_Testcases.Login" name="@AfterClass AfterClass" time="0.0">
    <skipped/>
  </testcase> <!-- @AfterClass AfterClass -->
  <testcase classname="OrangeHRM_Module.Features_PIM" name="@AfterTest Close_allTabs" time="0.0">
    <skipped/>
  </testcase> <!-- @AfterTest Close_allTabs -->
  <testcase classname="OrangeHRM_Module.Leave_module" name="@AfterTest after_test" time="0.0">
    <skipped/>
  </testcase> <!-- @AfterTest after_test -->
  <testcase classname="OrangeHRM_Module.Time" name="@AfterTest after_test" time="0.0">
    <skipped/>
  </testcase> <!-- @AfterTest after_test -->
  <testcase classname="OrangeHRM_Testcases.LoginWithdata" name="@AfterTest aftertest" time="0.0">
    <skipped/>
  </testcase> <!-- @AfterTest aftertest -->
  <testcase classname="OrangeHRM_Testcases.OrangeHRM_modules" name="@AfterTest aftertest" time="0.0">
    <skipped/>
  </testcase> <!-- @AfterTest aftertest -->
  <testcase classname="OrangeHRM_Testcases.Orange_HRM_login_DATA" name="@AfterTest aftertest" time="0.0">
    <skipped/>
  </testcase> <!-- @AfterTest aftertest -->
  <testcase classname="OrangeHRM_Testcases.Orange_HRM_login_DATA" name="writeData" time="0.0">
    <skipped/>
  </testcase> <!-- writeData -->
  <testcase classname="OrangeHRM_Testcases.Orange_HRM_login_DATA" name="writeData" time="0.0">
    <skipped/>
  </testcase> <!-- writeData -->
  <testcase classname="OrangeHRM_Testcases.Orange_HRM_login_DATA" name="writeData" time="0.0">
    <skipped/>
  </testcase> <!-- writeData -->
  <testcase classname="OrangeHRM_Testcases.Orange_HRM_login_DATA" name="writeData" time="0.0">
    <skipped/>
  </testcase> <!-- writeData -->
  <testcase classname="OrangeHRM_Testcases.Orange_HRM_login_DATA" name="writeData" time="0.0">
    <skipped/>
  </testcase> <!-- writeData -->
  <testcase classname="OrangeHRM_Testcases.Orange_HRM_login_DATA" name="writeData" time="0.0">
    <skipped/>
  </testcase> <!-- writeData -->
  <testcase classname="OrangeHRM_Testcases.Orange_HRM_login_DATA" name="writeData" time="0.0">
    <skipped/>
  </testcase> <!-- writeData -->
  <testcase classname="OrangeHRM_Testcases.Orange_HRM_login_DATA" name="writeData" time="0.0">
    <skipped/>
  </testcase> <!-- writeData -->
  <testcase classname="OrangeHRM_Testcases.Orange_HRM_login_DATA" name="writeData" time="0.0">
    <skipped/>
  </testcase> <!-- writeData -->
  <testcase classname="OrangeHRM_Testcases.Orange_HRM_login_DATA" name="writeData" time="0.0">
    <skipped/>
  </testcase> <!-- writeData -->
  <testcase classname="OrangeHRM_Testcases.Orange_HRM_login_DATA" name="writeData" time="0.0">
    <skipped/>
  </testcase> <!-- writeData -->
  <testcase classname="OrangeHRM_Testcases.Orange_HRM_login_DATA" name="writeData" time="0.0">
    <skipped/>
  </testcase> <!-- writeData -->
  <testcase classname="OrangeHRM_Testcases.OrangeHRM_modules" name="Admin_page" time="0.0">
    <skipped/>
  </testcase> <!-- Admin_page -->
  <testcase classname="OrangeHRM_Testcases.LoginWithdata" name="OrangeHRM_login" time="0.0">
    <failure type="java.lang.RuntimeException" message="java.lang.NullPointerException: Cannot invoke &amp;quot;org.apache.poi.xssf.usermodel.XSSFSheet.getPhysicalNumberOfRows()&amp;quot; because &amp;quot;this.sheet&amp;quot; is null">
      <![CDATA[java.lang.RuntimeException: java.lang.NullPointerException: Cannot invoke "org.apache.poi.xssf.usermodel.XSSFSheet.getPhysicalNumberOfRows()" because "this.sheet" is null
at java.base/java.util.ArrayList.forEach(ArrayList.java:1511)
Caused by: java.lang.NullPointerException: Cannot invoke "org.apache.poi.xssf.usermodel.XSSFSheet.getPhysicalNumberOfRows()" because "this.sheet" is null
at OrangeHRM_Testcases.LoginWithdata.getLoginData(LoginWithdata.java:75)
... 25 more
... Removed 32 stack frames]]>
    </failure>
  </testcase> <!-- OrangeHRM_login -->
  <testcase classname="OrangeHRM_Module.Features_PIM" name="PIM_Moduel" time="0.0">
    <skipped/>
  </testcase> <!-- PIM_Moduel -->
  <testcase classname="OrangeHRM_Testcases.Login" name="login" time="0.0">
    <failure type="org.testng.TestNGException" message="
Cannot inject @Test annotated Method [login] with [class java.lang.String, class java.lang.String].
For more information on native dependency injection please refer to https://testng.org/#_dependency_injection">
      <![CDATA[org.testng.TestNGException: 
Cannot inject @Test annotated Method [login] with [class java.lang.String, class java.lang.String].
For more information on native dependency injection please refer to https://testng.org/#_dependency_injection
at java.base/java.util.ArrayList.forEach(ArrayList.java:1511)
... Removed 26 stack frames]]>
    </failure>
  </testcase> <!-- login -->
  <testcase classname="OrangeHRM_Module.Leave_module" name="leave_Print" time="0.0">
    <skipped/>
  </testcase> <!-- leave_Print -->
  <testcase classname="OrangeHRM_Module.Leave_module" name="Leave_page_module" time="0.0">
    <skipped/>
  </testcase> <!-- Leave_page_module -->
  <testcase classname="OrangeHRM_Module.Leave_module" name="all_data" time="0.0">
    <skipped/>
  </testcase> <!-- all_data -->
  <testcase classname="OrangeHRM_Module.Time" name="time_Timesheets" time="0.0">
    <skipped/>
  </testcase> <!-- time_Timesheets -->
  <testcase classname="OrangeHRM_Module.Time" name="time_Attendance" time="0.0">
    <skipped/>
  </testcase> <!-- time_Attendance -->
  <testcase classname="OrangeHRM_Module.Time" name="Punch_Attendence" time="0.0">
    <skipped/>
  </testcase> <!-- Punch_Attendence -->
</testsuite> <!-- Test -->
